[RunManager.ConfigOptions] <-1> Tools list in QSettings is from a previous version of OpenStudio, ignoring
[RunManager.ConfigOptions] <-1> RunManager settings in QSettings is from a previous version of OpenStudio, ignoring
[openstudio.LocalLibraryController] <-2> Creating LocalLibraryController with base app 000000000013FB20
[utilities.bcl.BCLMeasure] <-2> Loading measures in path: C:/Program Files/OpenStudio 1.5.5/share/openstudio-1.5.5/pat/Measures/
[utilities.bcl.BCLMeasure] <-2> Attempting to load measure: C:/Program Files/OpenStudio 1.5.5/share/openstudio-1.5.5/pat/Measures/CalibrationReports
[utilities.bcl.BCLMeasure] <-2> Success loading measure: C:/Program Files/OpenStudio 1.5.5/share/openstudio-1.5.5/pat/Measures/CalibrationReports
[utilities.bcl.BCLMeasure] <-2> Attempting to load measure: C:/Program Files/OpenStudio 1.5.5/share/openstudio-1.5.5/pat/Measures/ReplaceModel
[utilities.bcl.BCLMeasure] <-2> Success loading measure: C:/Program Files/OpenStudio 1.5.5/share/openstudio-1.5.5/pat/Measures/ReplaceModel
[utilities.bcl.BCLMeasure] <-2> Attempting to load measure: C:/Program Files/OpenStudio 1.5.5/share/openstudio-1.5.5/pat/Measures/ReportRequest
[utilities.bcl.BCLMeasure] <-2> Success loading measure: C:/Program Files/OpenStudio 1.5.5/share/openstudio-1.5.5/pat/Measures/ReportRequest
[utilities.bcl.BCLMeasure] <-2> Attempting to load measure: C:/Program Files/OpenStudio 1.5.5/share/openstudio-1.5.5/pat/Measures/StandardReports
[utilities.bcl.BCLMeasure] <-2> Success loading measure: C:/Program Files/OpenStudio 1.5.5/share/openstudio-1.5.5/pat/Measures/StandardReports
[utilities.bcl.BCLMeasure] <-2> Loading measures in path: C:/Users/dgoldwas/Documents/GitHub/cofee-measures/model0
[utilities.bcl.BCLMeasure] <-2> Attempting to load measure: C:/Users/dgoldwas/Documents/GitHub/cofee-measures/model0/add_constructions_to_space_types
[utilities.bcl.BCLMeasure] <-2> Success loading measure: C:/Users/dgoldwas/Documents/GitHub/cofee-measures/model0/add_constructions_to_space_types
[utilities.bcl.BCLMeasure] <-2> Attempting to load measure: C:/Users/dgoldwas/Documents/GitHub/cofee-measures/model0/add_elec_equip_to_spaces_by_space_type
[utilities.bcl.BCLMeasure] <-2> Success loading measure: C:/Users/dgoldwas/Documents/GitHub/cofee-measures/model0/add_elec_equip_to_spaces_by_space_type
[utilities.bcl.BCLMeasure] <-2> Attempting to load measure: C:/Users/dgoldwas/Documents/GitHub/cofee-measures/model0/add_elevators_to_building
[utilities.bcl.BCLMeasure] <-2> Success loading measure: C:/Users/dgoldwas/Documents/GitHub/cofee-measures/model0/add_elevators_to_building
[utilities.bcl.BCLMeasure] <-2> Attempting to load measure: C:/Users/dgoldwas/Documents/GitHub/cofee-measures/model0/add_exhaust_to_zones_by_space_type
[utilities.bcl.BCLMeasure] <-2> Success loading measure: C:/Users/dgoldwas/Documents/GitHub/cofee-measures/model0/add_exhaust_to_zones_by_space_type
[utilities.bcl.BCLMeasure] <-2> Attempting to load measure: C:/Users/dgoldwas/Documents/GitHub/cofee-measures/model0/add_fenestration_and_overhangs_by_space_type
[utilities.bcl.BCLMeasure] <-2> Success loading measure: C:/Users/dgoldwas/Documents/GitHub/cofee-measures/model0/add_fenestration_and_overhangs_by_space_type
[utilities.bcl.BCLMeasure] <-2> Attempting to load measure: C:/Users/dgoldwas/Documents/GitHub/cofee-measures/model0/add_gas_equip_to_spaces_by_space_type
[utilities.bcl.BCLMeasure] <-2> Success loading measure: C:/Users/dgoldwas/Documents/GitHub/cofee-measures/model0/add_gas_equip_to_spaces_by_space_type
[utilities.bcl.BCLMeasure] <-2> Attempting to load measure: C:/Users/dgoldwas/Documents/GitHub/cofee-measures/model0/add_infiltration_to_space_types
[utilities.bcl.BCLMeasure] <-2> Success loading measure: C:/Users/dgoldwas/Documents/GitHub/cofee-measures/model0/add_infiltration_to_space_types
[utilities.bcl.BCLMeasure] <-2> Attempting to load measure: C:/Users/dgoldwas/Documents/GitHub/cofee-measures/model0/add_interior_constructions_to_adiabatic_surfaces
[utilities.bcl.BCLMeasure] <-2> Success loading measure: C:/Users/dgoldwas/Documents/GitHub/cofee-measures/model0/add_interior_constructions_to_adiabatic_surfaces
[utilities.bcl.BCLMeasure] <-2> Attempting to load measure: C:/Users/dgoldwas/Documents/GitHub/cofee-measures/model0/add_internal_mass_to_space_types
[utilities.bcl.BCLMeasure] <-2> Success loading measure: C:/Users/dgoldwas/Documents/GitHub/cofee-measures/model0/add_internal_mass_to_space_types
[utilities.bcl.BCLMeasure] <-2> Attempting to load measure: C:/Users/dgoldwas/Documents/GitHub/cofee-measures/model0/add_lamps_to_spaces_by_space_type
[utilities.bcl.BCLMeasure] <-2> Success loading measure: C:/Users/dgoldwas/Documents/GitHub/cofee-measures/model0/add_lamps_to_spaces_by_space_type
[utilities.bcl.BCLMeasure] <-2> Attempting to load measure: C:/Users/dgoldwas/Documents/GitHub/cofee-measures/model0/add_people_to_space_types
[utilities.bcl.BCLMeasure] <-2> Success loading measure: C:/Users/dgoldwas/Documents/GitHub/cofee-measures/model0/add_people_to_space_types
[utilities.bcl.BCLMeasure] <-2> Attempting to load measure: C:/Users/dgoldwas/Documents/GitHub/cofee-measures/model0/add_schedules_to_model
[utilities.bcl.BCLMeasure] <-2> Success loading measure: C:/Users/dgoldwas/Documents/GitHub/cofee-measures/model0/add_schedules_to_model
[utilities.bcl.BCLMeasure] <-2> Attempting to load measure: C:/Users/dgoldwas/Documents/GitHub/cofee-measures/model0/add_service_water_heating_supply
[utilities.bcl.BCLMeasure] <-2> Success loading measure: C:/Users/dgoldwas/Documents/GitHub/cofee-measures/model0/add_service_water_heating_supply
[utilities.bcl.BCLMeasure] <-2> Attempting to load measure: C:/Users/dgoldwas/Documents/GitHub/cofee-measures/model0/add_site_loads_to_building
[utilities.bcl.BCLMeasure] <-2> Success loading measure: C:/Users/dgoldwas/Documents/GitHub/cofee-measures/model0/add_site_loads_to_building
[utilities.bcl.BCLMeasure] <-2> Attempting to load measure: C:/Users/dgoldwas/Documents/GitHub/cofee-measures/model0/add_system01_by_space_type
[utilities.bcl.BCLMeasure] <-2> Success loading measure: C:/Users/dgoldwas/Documents/GitHub/cofee-measures/model0/add_system01_by_space_type
[utilities.bcl.BCLMeasure] <-2> Attempting to load measure: C:/Users/dgoldwas/Documents/GitHub/cofee-measures/model0/add_system02_by_space_type
[utilities.bcl.BCLMeasure] <-2> Success loading measure: C:/Users/dgoldwas/Documents/GitHub/cofee-measures/model0/add_system02_by_space_type
[utilities.bcl.BCLMeasure] <-2> Attempting to load measure: C:/Users/dgoldwas/Documents/GitHub/cofee-measures/model0/add_system03_by_space_type
[utilities.bcl.BCLMeasure] <-2> Success loading measure: C:/Users/dgoldwas/Documents/GitHub/cofee-measures/model0/add_system03_by_space_type
[utilities.bcl.BCLMeasure] <-2> Attempting to load measure: C:/Users/dgoldwas/Documents/GitHub/cofee-measures/model0/add_system04_by_space_type
[utilities.bcl.BCLMeasure] <-2> Success loading measure: C:/Users/dgoldwas/Documents/GitHub/cofee-measures/model0/add_system04_by_space_type
[utilities.bcl.BCLMeasure] <-2> Attempting to load measure: C:/Users/dgoldwas/Documents/GitHub/cofee-measures/model0/add_system05_by_space_type
[utilities.bcl.BCLMeasure] <-2> Success loading measure: C:/Users/dgoldwas/Documents/GitHub/cofee-measures/model0/add_system05_by_space_type
[utilities.bcl.BCLMeasure] <-2> Attempting to load measure: C:/Users/dgoldwas/Documents/GitHub/cofee-measures/model0/add_system06_by_space_type
[utilities.bcl.BCLMeasure] <-2> Success loading measure: C:/Users/dgoldwas/Documents/GitHub/cofee-measures/model0/add_system06_by_space_type
[utilities.bcl.BCLMeasure] <-2> Attempting to load measure: C:/Users/dgoldwas/Documents/GitHub/cofee-measures/model0/add_system07_by_space_type
[utilities.bcl.BCLMeasure] <-2> Success loading measure: C:/Users/dgoldwas/Documents/GitHub/cofee-measures/model0/add_system07_by_space_type
[utilities.bcl.BCLMeasure] <-2> Attempting to load measure: C:/Users/dgoldwas/Documents/GitHub/cofee-measures/model0/add_system08_by_space_type
[utilities.bcl.BCLMeasure] <-2> Success loading measure: C:/Users/dgoldwas/Documents/GitHub/cofee-measures/model0/add_system08_by_space_type
[utilities.bcl.BCLMeasure] <-2> Attempting to load measure: C:/Users/dgoldwas/Documents/GitHub/cofee-measures/model0/add_thermostats
[utilities.bcl.BCLMeasure] <-2> Success loading measure: C:/Users/dgoldwas/Documents/GitHub/cofee-measures/model0/add_thermostats
[utilities.bcl.BCLMeasure] <-2> Attempting to load measure: C:/Users/dgoldwas/Documents/GitHub/cofee-measures/model0/add_ventilation_to_space_types
[utilities.bcl.BCLMeasure] <-2> Success loading measure: C:/Users/dgoldwas/Documents/GitHub/cofee-measures/model0/add_ventilation_to_space_types
[utilities.bcl.BCLMeasure] <-2> Attempting to load measure: C:/Users/dgoldwas/Documents/GitHub/cofee-measures/model0/add_water_use_connection_and_equipment
[utilities.bcl.BCLMeasure] <-2> Success loading measure: C:/Users/dgoldwas/Documents/GitHub/cofee-measures/model0/add_water_use_connection_and_equipment
[utilities.bcl.BCLMeasure] <-2> Attempting to load measure: C:/Users/dgoldwas/Documents/GitHub/cofee-measures/model0/adjust_hours_of_operation
[utilities.bcl.BCLMeasure] <-2> Success loading measure: C:/Users/dgoldwas/Documents/GitHub/cofee-measures/model0/adjust_hours_of_operation
[utilities.bcl.BCLMeasure] <-2> Attempting to load measure: C:/Users/dgoldwas/Documents/GitHub/cofee-measures/model0/adjust_water_heater_mixed
[utilities.bcl.BCLMeasure] <-2> Success loading measure: C:/Users/dgoldwas/Documents/GitHub/cofee-measures/model0/adjust_water_heater_mixed
[utilities.bcl.BCLMeasure] <-2> Attempting to load measure: C:/Users/dgoldwas/Documents/GitHub/cofee-measures/model0/alter_lighting_schedule_based_on_occupancy_schedule
[utilities.bcl.BCLMeasure] <-2> Success loading measure: C:/Users/dgoldwas/Documents/GitHub/cofee-measures/model0/alter_lighting_schedule_based_on_occupancy_schedule
[utilities.bcl.BCLMeasure] <-2> Attempting to load measure: C:/Users/dgoldwas/Documents/GitHub/cofee-measures/model0/CalibrationReports
[utilities.bcl.BCLMeasure] <-2> Success loading measure: C:/Users/dgoldwas/Documents/GitHub/cofee-measures/model0/CalibrationReports
[utilities.bcl.BCLMeasure] <-2> Attempting to load measure: C:/Users/dgoldwas/Documents/GitHub/cofee-measures/model0/ChangeBuildingLocation
[utilities.bcl.BCLMeasure] <-2> Success loading measure: C:/Users/dgoldwas/Documents/GitHub/cofee-measures/model0/ChangeBuildingLocation
[utilities.bcl.BCLMeasure] <-2> Attempting to load measure: C:/Users/dgoldwas/Documents/GitHub/cofee-measures/model0/coffee_annual_summary_report
[utilities.bcl.BCLMeasure] <-2> Success loading measure: C:/Users/dgoldwas/Documents/GitHub/cofee-measures/model0/coffee_annual_summary_report
[utilities.bcl.BCLMeasure] <-2> Attempting to load measure: C:/Users/dgoldwas/Documents/GitHub/cofee-measures/model0/create_formulas_from_ruleset_schedules
[utilities.bcl.BCLMeasure] <-2> Success loading measure: C:/Users/dgoldwas/Documents/GitHub/cofee-measures/model0/create_formulas_from_ruleset_schedules
[utilities.bcl.BCLMeasure] <-2> Attempting to load measure: C:/Users/dgoldwas/Documents/GitHub/cofee-measures/model0/ElectricityTariffModelForMA
[utilities.bcl.BCLMeasure] <-2> Success loading measure: C:/Users/dgoldwas/Documents/GitHub/cofee-measures/model0/ElectricityTariffModelForMA
[utilities.bcl.BCLMeasure] <-2> Attempting to load measure: C:/Users/dgoldwas/Documents/GitHub/cofee-measures/model0/gather_space_type_ratio_data
[utilities.bcl.BCLMeasure] <-2> Success loading measure: C:/Users/dgoldwas/Documents/GitHub/cofee-measures/model0/gather_space_type_ratio_data
[utilities.bcl.BCLMeasure] <-2> Attempting to load measure: C:/Users/dgoldwas/Documents/GitHub/cofee-measures/model0/hard_size_hvac
[utilities.bcl.BCLMeasure] <-2> Success loading measure: C:/Users/dgoldwas/Documents/GitHub/cofee-measures/model0/hard_size_hvac
[utilities.bcl.BCLMeasure] <-2> Attempting to load measure: C:/Users/dgoldwas/Documents/GitHub/cofee-measures/model0/make_envelope_from_space_type_ratios
[utilities.bcl.BCLMeasure] <-2> Success loading measure: C:/Users/dgoldwas/Documents/GitHub/cofee-measures/model0/make_envelope_from_space_type_ratios
[utilities.bcl.BCLMeasure] <-2> Attempting to load measure: C:/Users/dgoldwas/Documents/GitHub/cofee-measures/model0/make_envelope_from_space_type_ratios_populated_seed_model
[utilities.bcl.BCLMeasure] <-2> Success loading measure: C:/Users/dgoldwas/Documents/GitHub/cofee-measures/model0/make_envelope_from_space_type_ratios_populated_seed_model
[utilities.bcl.BCLMeasure] <-2> Attempting to load measure: C:/Users/dgoldwas/Documents/GitHub/cofee-measures/model0/NGridAddMonthlyUtilityData
[utilities.bcl.BCLMeasure] <-2> Success loading measure: C:/Users/dgoldwas/Documents/GitHub/cofee-measures/model0/NGridAddMonthlyUtilityData
[utilities.bcl.BCLMeasure] <-2> Attempting to load measure: C:/Users/dgoldwas/Documents/GitHub/cofee-measures/model0/RenameSpaceSurfacesBasedonParentSpaceandOrientation
[utilities.bcl.BCLMeasure] <-2> Success loading measure: C:/Users/dgoldwas/Documents/GitHub/cofee-measures/model0/RenameSpaceSurfacesBasedonParentSpaceandOrientation
[utilities.bcl.BCLMeasure] <-2> Attempting to load measure: C:/Users/dgoldwas/Documents/GitHub/cofee-measures/model0/rename_spaces_and_thermal_zones_by_story_and_standards_space_type
[utilities.bcl.BCLMeasure] <-2> Success loading measure: C:/Users/dgoldwas/Documents/GitHub/cofee-measures/model0/rename_spaces_and_thermal_zones_by_story_and_standards_space_type
[utilities.bcl.BCLMeasure] <-2> Attempting to load measure: C:/Users/dgoldwas/Documents/GitHub/cofee-measures/model0/RotateBuilding
[utilities.bcl.BCLMeasure] <-2> Success loading measure: C:/Users/dgoldwas/Documents/GitHub/cofee-measures/model0/RotateBuilding
[utilities.bcl.BCLMeasure] <-2> Attempting to load measure: C:/Users/dgoldwas/Documents/GitHub/cofee-measures/model0/schedule_profile_report
[utilities.bcl.BCLMeasure] <-2> Success loading measure: C:/Users/dgoldwas/Documents/GitHub/cofee-measures/model0/schedule_profile_report
[openstudio.osversion.VersionTranslator] <-2> Starting translation from Version 1.5.5.
[openstudio.osversion.VersionTranslator] <-2> Initial model has 1979 objects.
[openstudio.osversion.VersionTranslator] <-2> Final model has 1979 objects in IDF form.
[utilities.idf.Workspace] <-2> Workspace::isValid called.
[openstudio.osversion.VersionTranslator] <-2> Final model has 1979 objects in Model form.
[utilities.idf.Workspace] <-1> Renamed Object of type 'OS:Curve:Biquadratic' and named 'Curve Biquadratic 2' to 'Curve Biquadratic 25' to avoid a name conflict upon WorkspaceObject addition.
[utilities.idf.Workspace] <-1> Renamed Object of type 'OS:Fan:VariableVolume' and named 'Fan Variable Volume 1' to 'Fan Variable Volume 4' to avoid a name conflict upon WorkspaceObject addition.
[utilities.idf.Workspace] <-1> Renamed Object of type 'OS:Node' and named 'Node 2' to 'Node 267' to avoid a name conflict upon WorkspaceObject addition.
[utilities.idf.Workspace] <-1> Renamed Object of type 'OS:Curve:Quadratic' and named 'Curve Quadratic 1' to 'Curve Quadratic 29' to avoid a name conflict upon WorkspaceObject addition.
[utilities.idf.Workspace] <-1> Renamed Object of type 'OS:Curve:Biquadratic' and named 'Curve Biquadratic 1' to 'Curve Biquadratic 26' to avoid a name conflict upon WorkspaceObject addition.
[utilities.idf.Workspace] <-1> Renamed Object of type 'OS:Curve:Biquadratic' and named 'Boiler Efficiency' to 'Boiler Efficiency 1' to avoid a name conflict upon WorkspaceObject addition.
[utilities.idf.Workspace] <-1> Renamed Object of type 'OS:Schedule:Constant' and named 'Always On Discrete' to 'Always On Discrete 2' to avoid a name conflict upon WorkspaceObject addition.
[utilities.idf.Workspace] <-1> Renamed Object of type 'OS:ScheduleTypeLimits' and named 'Temperature 1' to 'Temperature 3' to avoid a name conflict upon WorkspaceObject addition.
[utilities.idf.Workspace] <-1> Renamed Object of type 'OS:Controller:MechanicalVentilation' and named 'Controller Mechanical Ventilation 1' to 'Controller Mechanical Ventilation 4' to avoid a name conflict upon WorkspaceObject addition.
[openstudio.openstudio_lib.MainRightColumnController] <-2> Setting new edit widget: 000000000E4AF290
[openstudio.openstudio_lib.MainRightColumnController] <-2> Removing old edit widget: 000000000E4AF290
[openstudio.openstudio_lib.MainRightColumnController] <-2> Setting new edit widget: 000000000E4AF290
[openstudio.openstudio_lib.MainRightColumnController] <-2> Removing old edit widget: 000000000E4AF290
[openstudio.openstudio_lib.MainRightColumnController] <-2> Setting new edit widget: 000000000E4AF290
[openstudio.openstudio_lib.MainRightColumnController] <-2> Removing old edit widget: 000000000E4AF290
[openstudio.openstudio_lib.MainRightColumnController] <-2> Setting new edit widget: 000000000E4AF290
[openstudio.openstudio_lib.MainRightColumnController] <-2> Removing old edit widget: 000000000E4AF290
[openstudio.openstudio_lib.MainRightColumnController] <-2> Setting new edit widget: 000000000E4AF290
[openstudio.openstudio_lib.MainRightColumnController] <-2> Removing old edit widget: 000000000E4AF290
[openstudio.openstudio_lib.MainRightColumnController] <-2> Setting new edit widget: 000000000E4AF290
[openstudio.openstudio_lib.MainRightColumnController] <-2> Removing old edit widget: 000000000E4AF290
[openstudio.openstudio_lib.MainRightColumnController] <-2> Setting new edit widget: 000000000E4AF290
[openstudio.openstudio_lib.MainRightColumnController] <-2> Removing old edit widget: 000000000E4AF290
[openstudio.openstudio_lib.MainRightColumnController] <-2> Setting new edit widget: 000000000E4AF290
[openstudio.openstudio_lib.MainRightColumnController] <-2> Removing old edit widget: 000000000E4AF290
[openstudio.openstudio_lib.MainRightColumnController] <-2> Setting new edit widget: 000000000E4AF290
[openstudio.openstudio_lib.MainRightColumnController] <-2> Removing old edit widget: 000000000E4AF290
[openstudio.openstudio_lib.MainRightColumnController] <-2> Setting new edit widget: 000000000E4AF290
[openstudio.openstudio_lib.MainRightColumnController] <-2> Removing old edit widget: 000000000E4AF290
[openstudio.openstudio_lib.MainRightColumnController] <-2> Setting new edit widget: 000000000E4AF290
[openstudio.openstudio_lib.MainRightColumnController] <-2> Removing old edit widget: 000000000E4AF290
[openstudio.openstudio_lib.MainRightColumnController] <-2> Setting new edit widget: 000000000E4AF290
[openstudio.openstudio_lib.MainRightColumnController] <-2> Removing old edit widget: 000000000E4AF290
[openstudio.openstudio_lib.MainRightColumnController] <-2> Setting new edit widget: 000000000E4AF290
[openstudio.openstudio_lib.MainRightColumnController] <-2> Removing old edit widget: 000000000E4AF290
[openstudio.openstudio_lib.MainRightColumnController] <-2> Setting new edit widget: 000000000E4AF290
[openstudio.openstudio_lib.MainRightColumnController] <-2> Removing old edit widget: 000000000E4AF290
[openstudio.openstudio_lib.MainRightColumnController] <-2> Setting new edit widget: 000000000E4AF290
[openstudio.openstudio_lib.MainRightColumnController] <-2> Removing old edit widget: 000000000E4AF290
[openstudio.openstudio_lib.MainRightColumnController] <-2> Setting new edit widget: 000000000E4AF290
[openstudio.openstudio_lib.MainRightColumnController] <-2> Removing old edit widget: 000000000E4AF290
[openstudio.openstudio_lib.MainRightColumnController] <-2> Setting new edit widget: 000000000E4AF290
[openstudio.openstudio_lib.MainRightColumnController] <-2> Removing old edit widget: 000000000E4AF290
[openstudio.openstudio_lib.MainRightColumnController] <-2> Setting new edit widget: 000000000E4AF290
[openstudio.openstudio_lib.MainRightColumnController] <-2> Removing old edit widget: 000000000E4AF290
[openstudio.openstudio_lib.MainRightColumnController] <-2> Setting new edit widget: 000000000E4AF290
[openstudio.openstudio_lib.MainRightColumnController] <-2> Removing old edit widget: 000000000E4AF290
[openstudio.openstudio_lib.MainRightColumnController] <-2> Setting new edit widget: 000000000E4AF290
[openstudio.openstudio_lib.MainRightColumnController] <-2> Removing old edit widget: 000000000E4AF290
[openstudio.osversion.VersionTranslator] <-2> Starting translation from Version 1.5.2.
[openstudio.osversion.VersionTranslator] <-2> Initial model has 196 objects.
[openstudio.osversion.VersionTranslator] <-2> Translation to 1.5.4 model has 196 objects.
[openstudio.osversion.VersionTranslator] <-2> Translation to 1.5.5 model has 196 objects.
[openstudio.osversion.VersionTranslator] <-2> Final model has 196 objects in IDF form.
[utilities.idf.Workspace] <-2> Workspace::isValid called.
[openstudio.osversion.VersionTranslator] <-2> Final model has 196 objects in Model form.
[openstudio.model.YearDescription] <1> 'UseWeatherFile' is not yet a supported option for YearDescription
[openstudio.model.YearDescription] <1> 'UseWeatherFile' is not yet a supported option for YearDescription
[openstudio.model.YearDescription] <1> 'UseWeatherFile' is not yet a supported option for YearDescription
[openstudio.model.YearDescription] <1> 'UseWeatherFile' is not yet a supported option for YearDescription
[openstudio.model.YearDescription] <1> 'UseWeatherFile' is not yet a supported option for YearDescription
[openstudio.model.YearDescription] <1> 'UseWeatherFile' is not yet a supported option for YearDescription
[saveModel] <-2> Saved model to 'C:/Users/dgoldwas/AppData/Local/Temp/2/OpenStudio.G12068/in.osm'
[saveModelTempDir] <-2> Copying C:/Users/dgoldwas/AppData/Local/Temp/2/OpenStudio.G12068/resources to C:/Users/dgoldwas/Documents/GitHubForks/OpenStudio-analysis-spreadsheet-COFEE/seeds/Office2004_Seed
[copyDir] <-1> copyDir 'C:/Users/dgoldwas/AppData/Local/Temp/2/OpenStudio.G12068/resources' to 'C:/Users/dgoldwas/Documents/GitHubForks/OpenStudio-analysis-spreadsheet-COFEE/seeds/Office2004_Seed'
[synchDirStructures] <-1> Synching destination 'C:/Users/dgoldwas/Documents/GitHubForks/OpenStudio-analysis-spreadsheet-COFEE/seeds/Office2004_Seed' with source 'C:/Users/dgoldwas/AppData/Local/Temp/2/OpenStudio.G12068/resources'
[synchDirStructures] <-1> Synching destination 'C:/Users/dgoldwas/Documents/GitHubForks/OpenStudio-analysis-spreadsheet-COFEE/seeds/Office2004_Seed/files' with source 'C:/Users/dgoldwas/AppData/Local/Temp/2/OpenStudio.G12068/resources/files'
[synchDirStructures] <-1> Synching destination 'C:/Users/dgoldwas/Documents/GitHubForks/OpenStudio-analysis-spreadsheet-COFEE/seeds/Office2004_Seed/run' with source 'C:/Users/dgoldwas/AppData/Local/Temp/2/OpenStudio.G12068/resources/run'
[synchDirStructures] <-1> Synching destination 'C:/Users/dgoldwas/Documents/GitHubForks/OpenStudio-analysis-spreadsheet-COFEE/seeds/Office2004_Seed/scripts' with source 'C:/Users/dgoldwas/AppData/Local/Temp/2/OpenStudio.G12068/resources/scripts'
[copyDir] <-1> copyDir 'C:/Users/dgoldwas/AppData/Local/Temp/2/OpenStudio.G12068/resources/files' to 'C:/Users/dgoldwas/Documents/GitHubForks/OpenStudio-analysis-spreadsheet-COFEE/seeds/Office2004_Seed/files'
[synchDirStructures] <-1> Synching destination 'C:/Users/dgoldwas/Documents/GitHubForks/OpenStudio-analysis-spreadsheet-COFEE/seeds/Office2004_Seed/files' with source 'C:/Users/dgoldwas/AppData/Local/Temp/2/OpenStudio.G12068/resources/files'
[copyDir] <-1> copyDir 'C:/Users/dgoldwas/AppData/Local/Temp/2/OpenStudio.G12068/resources/run' to 'C:/Users/dgoldwas/Documents/GitHubForks/OpenStudio-analysis-spreadsheet-COFEE/seeds/Office2004_Seed/run'
[synchDirStructures] <-1> Synching destination 'C:/Users/dgoldwas/Documents/GitHubForks/OpenStudio-analysis-spreadsheet-COFEE/seeds/Office2004_Seed/run' with source 'C:/Users/dgoldwas/AppData/Local/Temp/2/OpenStudio.G12068/resources/run'
[copyDir] <-1> copyDir 'C:/Users/dgoldwas/AppData/Local/Temp/2/OpenStudio.G12068/resources/scripts' to 'C:/Users/dgoldwas/Documents/GitHubForks/OpenStudio-analysis-spreadsheet-COFEE/seeds/Office2004_Seed/scripts'
[synchDirStructures] <-1> Synching destination 'C:/Users/dgoldwas/Documents/GitHubForks/OpenStudio-analysis-spreadsheet-COFEE/seeds/Office2004_Seed/scripts' with source 'C:/Users/dgoldwas/AppData/Local/Temp/2/OpenStudio.G12068/resources/scripts'
[utilities.idf.Workspace] <-1> Renamed Object of type 'OS:Schedule:Ruleset' and named '0800|1700|Office|default|activity' to '0800|1700|Office|default|activity 1' to avoid a name conflict upon WorkspaceObject addition.
[utilities.idf.Workspace] <-1> Renamed Object of type 'OS:Schedule:Day' and named '0800|1700|Office|default|activity |default' to '0800|1700|Office|default|activity |default 1' to avoid a name conflict upon WorkspaceObject addition.
[utilities.idf.Workspace] <-1> Renamed Object of type 'OS:Schedule:Day' and named '0800|1700|Office|default|activity Summer Design Day' to '0800|1700|Office|default|activity Summer Design Day 1' to avoid a name conflict upon WorkspaceObject addition.
[utilities.idf.Workspace] <-1> Renamed Object of type 'OS:Schedule:Day' and named '0800|1700|Office|default|activity Winter Design Day' to '0800|1700|Office|default|activity Winter Design Day 1' to avoid a name conflict upon WorkspaceObject addition.
[utilities.idf.Workspace] <-1> Renamed Object of type 'OS:Schedule:Ruleset' and named '0800|1700|Office|default|elec_equip' to '0800|1700|Office|default|elec_equip 1' to avoid a name conflict upon WorkspaceObject addition.
[utilities.idf.Workspace] <-1> Renamed Object of type 'OS:Schedule:Day' and named '0800|1700|Office|default|elec_equip |default' to '0800|1700|Office|default|elec_equip |default 1' to avoid a name conflict upon WorkspaceObject addition.
[utilities.idf.Workspace] <-1> Renamed Object of type 'OS:Schedule:Day' and named '0800|1700|Office|default|elec_equip Summer Design Day' to '0800|1700|Office|default|elec_equip Summer Design Day 1' to avoid a name conflict upon WorkspaceObject addition.
[utilities.idf.Workspace] <-1> Renamed Object of type 'OS:Schedule:Day' and named '0800|1700|Office|default|elec_equip Winter Design Day' to '0800|1700|Office|default|elec_equip Winter Design Day 1' to avoid a name conflict upon WorkspaceObject addition.
[utilities.idf.Workspace] <-1> Renamed Object of type 'OS:Schedule:Rule' and named '0800|1700|Office|default|elec_equip |1/1-12/31|Sun Rule' to '0800|1700|Office|default|elec_equip |1/1-12/31|Sun Rule 1' to avoid a name conflict upon WorkspaceObject addition.
[utilities.idf.Workspace] <-1> Renamed Object of type 'OS:Schedule:Day' and named '0800|1700|Office|default|elec_equip |1/1-12/31|Sun' to '0800|1700|Office|default|elec_equip |1/1-12/31|Sun 1' to avoid a name conflict upon WorkspaceObject addition.
[utilities.idf.Workspace] <-1> Renamed Object of type 'OS:Schedule:Rule' and named '0800|1700|Office|default|elec_equip |1/1-12/31|Sat Rule' to '0800|1700|Office|default|elec_equip |1/1-12/31|Sat Rule 1' to avoid a name conflict upon WorkspaceObject addition.
[utilities.idf.Workspace] <-1> Renamed Object of type 'OS:Schedule:Day' and named '0800|1700|Office|default|elec_equip |1/1-12/31|Sat' to '0800|1700|Office|default|elec_equip |1/1-12/31|Sat 1' to avoid a name conflict upon WorkspaceObject addition.
[utilities.idf.Workspace] <-1> Renamed Object of type 'OS:Schedule:Ruleset' and named '0800|1700|Office|default|gas_equip' to '0800|1700|Office|default|gas_equip 1' to avoid a name conflict upon WorkspaceObject addition.
[utilities.idf.Workspace] <-1> Renamed Object of type 'OS:Schedule:Day' and named '0800|1700|Office|default|gas_equip |default' to '0800|1700|Office|default|gas_equip |default 1' to avoid a name conflict upon WorkspaceObject addition.
[utilities.idf.Workspace] <-1> Renamed Object of type 'OS:Schedule:Day' and named '0800|1700|Office|default|gas_equip Summer Design Day' to '0800|1700|Office|default|gas_equip Summer Design Day 1' to avoid a name conflict upon WorkspaceObject addition.
[utilities.idf.Workspace] <-1> Renamed Object of type 'OS:Schedule:Day' and named '0800|1700|Office|default|gas_equip Winter Design Day' to '0800|1700|Office|default|gas_equip Winter Design Day 1' to avoid a name conflict upon WorkspaceObject addition.
[utilities.idf.Workspace] <-1> Renamed Object of type 'OS:Schedule:Day' and named '0800|1700|Office|default|infiltration |default' to '0800|1700|Office|default|infiltration |default 1' to avoid a name conflict upon WorkspaceObject addition.
[utilities.idf.Workspace] <-1> Renamed Object of type 'OS:Schedule:Day' and named '0800|1700|Office|default|infiltration Summer Design Day' to '0800|1700|Office|default|infiltration Summer Design Day 1' to avoid a name conflict upon WorkspaceObject addition.
[utilities.idf.Workspace] <-1> Renamed Object of type 'OS:Schedule:Day' and named '0800|1700|Office|default|infiltration Winter Design Day' to '0800|1700|Office|default|infiltration Winter Design Day 1' to avoid a name conflict upon WorkspaceObject addition.
[utilities.idf.Workspace] <-1> Renamed Object of type 'OS:Schedule:Rule' and named '0800|1700|Office|default|infiltration |1/1-12/31|Sun Rule' to '0800|1700|Office|default|infiltration |1/1-12/31|Sun Rule 1' to avoid a name conflict upon WorkspaceObject addition.
[utilities.idf.Workspace] <-1> Renamed Object of type 'OS:Schedule:Day' and named '0800|1700|Office|default|infiltration |1/1-12/31|Sun' to '0800|1700|Office|default|infiltration |1/1-12/31|Sun 1' to avoid a name conflict upon WorkspaceObject addition.
[utilities.idf.Workspace] <-1> Renamed Object of type 'OS:Schedule:Rule' and named '0800|1700|Office|default|infiltration |1/1-12/31|Sat Rule' to '0800|1700|Office|default|infiltration |1/1-12/31|Sat Rule 1' to avoid a name conflict upon WorkspaceObject addition.
[utilities.idf.Workspace] <-1> Renamed Object of type 'OS:Schedule:Day' and named '0800|1700|Office|default|infiltration |1/1-12/31|Sat' to '0800|1700|Office|default|infiltration |1/1-12/31|Sat 1' to avoid a name conflict upon WorkspaceObject addition.
[utilities.idf.Workspace] <-1> Renamed Object of type 'OS:Schedule:Ruleset' and named '0800|1700|Office|default|lighting' to '0800|1700|Office|default|lighting 1' to avoid a name conflict upon WorkspaceObject addition.
[utilities.idf.Workspace] <-1> Renamed Object of type 'OS:Schedule:Day' and named '0800|1700|Office|default|lighting |default' to '0800|1700|Office|default|lighting |default 1' to avoid a name conflict upon WorkspaceObject addition.
[utilities.idf.Workspace] <-1> Renamed Object of type 'OS:Schedule:Day' and named '0800|1700|Office|default|lighting Summer Design Day' to '0800|1700|Office|default|lighting Summer Design Day 1' to avoid a name conflict upon WorkspaceObject addition.
[utilities.idf.Workspace] <-1> Renamed Object of type 'OS:Schedule:Day' and named '0800|1700|Office|default|lighting Winter Design Day' to '0800|1700|Office|default|lighting Winter Design Day 1' to avoid a name conflict upon WorkspaceObject addition.
[utilities.idf.Workspace] <-1> Renamed Object of type 'OS:Schedule:Rule' and named '0800|1700|Office|default|lighting |1/1-12/31|Sun Rule' to '0800|1700|Office|default|lighting |1/1-12/31|Sun Rule 1' to avoid a name conflict upon WorkspaceObject addition.
[utilities.idf.Workspace] <-1> Renamed Object of type 'OS:Schedule:Day' and named '0800|1700|Office|default|lighting |1/1-12/31|Sun' to '0800|1700|Office|default|lighting |1/1-12/31|Sun 1' to avoid a name conflict upon WorkspaceObject addition.
[utilities.idf.Workspace] <-1> Renamed Object of type 'OS:Schedule:Rule' and named '0800|1700|Office|default|lighting |1/1-12/31|Sat Rule' to '0800|1700|Office|default|lighting |1/1-12/31|Sat Rule 1' to avoid a name conflict upon WorkspaceObject addition.
[utilities.idf.Workspace] <-1> Renamed Object of type 'OS:Schedule:Day' and named '0800|1700|Office|default|lighting |1/1-12/31|Sat' to '0800|1700|Office|default|lighting |1/1-12/31|Sat 1' to avoid a name conflict upon WorkspaceObject addition.
[utilities.idf.Workspace] <-1> Renamed Object of type 'OS:Schedule:Ruleset' and named '0800|1700|Office|default|occ' to '0800|1700|Office|default|occ 1' to avoid a name conflict upon WorkspaceObject addition.
[utilities.idf.Workspace] <-1> Renamed Object of type 'OS:Schedule:Day' and named '0800|1700|Office|default|occ |default' to '0800|1700|Office|default|occ |default 1' to avoid a name conflict upon WorkspaceObject addition.
[utilities.idf.Workspace] <-1> Renamed Object of type 'OS:Schedule:Day' and named '0800|1700|Office|default|occ Summer Design Day' to '0800|1700|Office|default|occ Summer Design Day 1' to avoid a name conflict upon WorkspaceObject addition.
[utilities.idf.Workspace] <-1> Renamed Object of type 'OS:Schedule:Day' and named '0800|1700|Office|default|occ Winter Design Day' to '0800|1700|Office|default|occ Winter Design Day 1' to avoid a name conflict upon WorkspaceObject addition.
[utilities.idf.Workspace] <-1> Renamed Object of type 'OS:Schedule:Rule' and named '0800|1700|Office|default|occ |1/1-12/31|Sun Rule' to '0800|1700|Office|default|occ |1/1-12/31|Sun Rule 1' to avoid a name conflict upon WorkspaceObject addition.
[utilities.idf.Workspace] <-1> Renamed Object of type 'OS:Schedule:Day' and named '0800|1700|Office|default|occ |1/1-12/31|Sun' to '0800|1700|Office|default|occ |1/1-12/31|Sun 1' to avoid a name conflict upon WorkspaceObject addition.
[utilities.idf.Workspace] <-1> Renamed Object of type 'OS:Schedule:Rule' and named '0800|1700|Office|default|occ |1/1-12/31|Sat Rule' to '0800|1700|Office|default|occ |1/1-12/31|Sat Rule 1' to avoid a name conflict upon WorkspaceObject addition.
[utilities.idf.Workspace] <-1> Renamed Object of type 'OS:Schedule:Day' and named '0800|1700|Office|default|occ |1/1-12/31|Sat' to '0800|1700|Office|default|occ |1/1-12/31|Sat 1' to avoid a name conflict upon WorkspaceObject addition.
[utilities.idf.Workspace] <-1> Renamed Object of type 'OS:Schedule:Ruleset' and named '0800|1700|Office|default|swh' to '0800|1700|Office|default|swh 1' to avoid a name conflict upon WorkspaceObject addition.
[utilities.idf.Workspace] <-1> Renamed Object of type 'OS:Schedule:Day' and named '0800|1700|Office|default|swh |default' to '0800|1700|Office|default|swh |default 1' to avoid a name conflict upon WorkspaceObject addition.
[utilities.idf.Workspace] <-1> Renamed Object of type 'OS:Schedule:Day' and named '0800|1700|Office|default|swh Summer Design Day' to '0800|1700|Office|default|swh Summer Design Day 1' to avoid a name conflict upon WorkspaceObject addition.
[utilities.idf.Workspace] <-1> Renamed Object of type 'OS:Schedule:Day' and named '0800|1700|Office|default|swh Winter Design Day' to '0800|1700|Office|default|swh Winter Design Day 1' to avoid a name conflict upon WorkspaceObject addition.
[utilities.idf.Workspace] <-1> Renamed Object of type 'OS:Schedule:Rule' and named '0800|1700|Office|default|swh |1/1-12/31|Sun Rule' to '0800|1700|Office|default|swh |1/1-12/31|Sun Rule 1' to avoid a name conflict upon WorkspaceObject addition.
[utilities.idf.Workspace] <-1> Renamed Object of type 'OS:Schedule:Day' and named '0800|1700|Office|default|swh |1/1-12/31|Sun' to '0800|1700|Office|default|swh |1/1-12/31|Sun 1' to avoid a name conflict upon WorkspaceObject addition.
[utilities.idf.Workspace] <-1> Renamed Object of type 'OS:Schedule:Rule' and named '0800|1700|Office|default|swh |1/1-12/31|Sat Rule' to '0800|1700|Office|default|swh |1/1-12/31|Sat Rule 1' to avoid a name conflict upon WorkspaceObject addition.
[utilities.idf.Workspace] <-1> Renamed Object of type 'OS:Schedule:Day' and named '0800|1700|Office|default|swh |1/1-12/31|Sat' to '0800|1700|Office|default|swh |1/1-12/31|Sat 1' to avoid a name conflict upon WorkspaceObject addition.
[openstudio.runmanager.Workflow] <-2> creating workflow
[openstudio.runmanager.Job_Impl] <-2> Returning previously saved outputfiles
[openstudio.runmanager.RunManager] <-2> (C:/Users/dgoldwas/AppData/Local/Temp/2/OpenStudio.G12068/resources/run.db) Persisting job status for {2ba7535a-5721-486e-9966-70a67efb9ea6}
[openstudio.runmanager.RunManager] <-2> Deleted previous data job status for {2ba7535a-5721-486e-9966-70a67efb9ea6}
[openstudio.runmanager.RunManager] <-2> Not persisting, job has not actually finished {2ba7535a-5721-486e-9966-70a67efb9ea6}
[openstudio.runmanager.Job_Impl] <-2> Returning previously saved outputfiles
[openstudio.runmanager.RunManager] <-2> (C:/Users/dgoldwas/AppData/Local/Temp/2/OpenStudio.G12068/resources/run.db) Persisting job status for {47dc5a3a-5327-4dc1-ba8c-d160a28daa2b}
[openstudio.runmanager.RunManager] <-2> Deleted previous data job status for {47dc5a3a-5327-4dc1-ba8c-d160a28daa2b}
[openstudio.runmanager.RunManager] <-2> Not persisting, job has not actually finished {47dc5a3a-5327-4dc1-ba8c-d160a28daa2b}
[openstudio.runmanager.Job_Impl] <-2> Returning previously saved outputfiles
[openstudio.runmanager.RunManager] <-2> (C:/Users/dgoldwas/AppData/Local/Temp/2/OpenStudio.G12068/resources/run.db) Persisting job status for {2a747ab8-a204-43c6-9506-726da067bf3c}
[openstudio.runmanager.RunManager] <-2> Deleted previous data job status for {2a747ab8-a204-43c6-9506-726da067bf3c}
[openstudio.runmanager.RunManager] <-2> Not persisting, job has not actually finished {2a747ab8-a204-43c6-9506-726da067bf3c}
[openstudio.runmanager.Job_Impl] <-2> Returning previously saved outputfiles
[openstudio.runmanager.RunManager] <-2> (C:/Users/dgoldwas/AppData/Local/Temp/2/OpenStudio.G12068/resources/run.db) Persisting job status for {3b8534a0-5f53-437c-b1ce-476e15dba77e}
[openstudio.runmanager.RunManager] <-2> Deleted previous data job status for {3b8534a0-5f53-437c-b1ce-476e15dba77e}
[openstudio.runmanager.RunManager] <-2> Not persisting, job has not actually finished {3b8534a0-5f53-437c-b1ce-476e15dba77e}
[openstudio.runmanager.Job_Impl] <-2> Returning previously saved outputfiles
[openstudio.runmanager.RunManager] <-2> (C:/Users/dgoldwas/AppData/Local/Temp/2/OpenStudio.G12068/resources/run.db) Persisting job status for {a6bee8ab-bf79-4d29-a3d5-1783227c38eb}
[openstudio.runmanager.RunManager] <-2> Deleted previous data job status for {a6bee8ab-bf79-4d29-a3d5-1783227c38eb}
[openstudio.runmanager.RunManager] <-2> Not persisting, job has not actually finished {a6bee8ab-bf79-4d29-a3d5-1783227c38eb}
[openstudio.project.ProjectDatabase] <-1> DB Message: cannot start a transaction within a transaction Unable to begin transaction
[saveModel] <-2> Saved model to 'C:/Users/dgoldwas/AppData/Local/Temp/2/OpenStudio.G12068/in.osm'
[saveModelTempDir] <-2> Copying C:/Users/dgoldwas/AppData/Local/Temp/2/OpenStudio.G12068/resources to C:/Users/dgoldwas/Documents/GitHubForks/OpenStudio-analysis-spreadsheet-COFEE/seeds/Office2004_Seed
[copyDir] <-1> copyDir 'C:/Users/dgoldwas/AppData/Local/Temp/2/OpenStudio.G12068/resources' to 'C:/Users/dgoldwas/Documents/GitHubForks/OpenStudio-analysis-spreadsheet-COFEE/seeds/Office2004_Seed'
[synchDirStructures] <-1> Synching destination 'C:/Users/dgoldwas/Documents/GitHubForks/OpenStudio-analysis-spreadsheet-COFEE/seeds/Office2004_Seed' with source 'C:/Users/dgoldwas/AppData/Local/Temp/2/OpenStudio.G12068/resources'
[synchDirStructures] <-1> Synching destination 'C:/Users/dgoldwas/Documents/GitHubForks/OpenStudio-analysis-spreadsheet-COFEE/seeds/Office2004_Seed/files' with source 'C:/Users/dgoldwas/AppData/Local/Temp/2/OpenStudio.G12068/resources/files'
[synchDirStructures] <-1> Synching destination 'C:/Users/dgoldwas/Documents/GitHubForks/OpenStudio-analysis-spreadsheet-COFEE/seeds/Office2004_Seed/run' with source 'C:/Users/dgoldwas/AppData/Local/Temp/2/OpenStudio.G12068/resources/run'
[synchDirStructures] <-1> Synching destination 'C:/Users/dgoldwas/Documents/GitHubForks/OpenStudio-analysis-spreadsheet-COFEE/seeds/Office2004_Seed/scripts' with source 'C:/Users/dgoldwas/AppData/Local/Temp/2/OpenStudio.G12068/resources/scripts'
[copyDir] <-1> copyDir 'C:/Users/dgoldwas/AppData/Local/Temp/2/OpenStudio.G12068/resources/files' to 'C:/Users/dgoldwas/Documents/GitHubForks/OpenStudio-analysis-spreadsheet-COFEE/seeds/Office2004_Seed/files'
[synchDirStructures] <-1> Synching destination 'C:/Users/dgoldwas/Documents/GitHubForks/OpenStudio-analysis-spreadsheet-COFEE/seeds/Office2004_Seed/files' with source 'C:/Users/dgoldwas/AppData/Local/Temp/2/OpenStudio.G12068/resources/files'
[copyDir] <-1> copyDir 'C:/Users/dgoldwas/AppData/Local/Temp/2/OpenStudio.G12068/resources/run' to 'C:/Users/dgoldwas/Documents/GitHubForks/OpenStudio-analysis-spreadsheet-COFEE/seeds/Office2004_Seed/run'
[synchDirStructures] <-1> Synching destination 'C:/Users/dgoldwas/Documents/GitHubForks/OpenStudio-analysis-spreadsheet-COFEE/seeds/Office2004_Seed/run' with source 'C:/Users/dgoldwas/AppData/Local/Temp/2/OpenStudio.G12068/resources/run'
[copyDir] <-1> copyDir 'C:/Users/dgoldwas/AppData/Local/Temp/2/OpenStudio.G12068/resources/scripts' to 'C:/Users/dgoldwas/Documents/GitHubForks/OpenStudio-analysis-spreadsheet-COFEE/seeds/Office2004_Seed/scripts'
[synchDirStructures] <-1> Synching destination 'C:/Users/dgoldwas/Documents/GitHubForks/OpenStudio-analysis-spreadsheet-COFEE/seeds/Office2004_Seed/scripts' with source 'C:/Users/dgoldwas/AppData/Local/Temp/2/OpenStudio.G12068/resources/scripts'
[openstudio.osversion.VersionTranslator] <-2> Starting translation from Version 1.5.5.
[openstudio.osversion.VersionTranslator] <-2> Initial model has 1979 objects.
[openstudio.osversion.VersionTranslator] <-2> Final model has 1979 objects in IDF form.
[utilities.idf.Workspace] <-2> Workspace::isValid called.
[openstudio.osversion.VersionTranslator] <-2> Final model has 1979 objects in Model form.
[utilities.idf.Workspace] <-1> Renamed Object of type 'OS:Curve:Biquadratic' and named 'Curve Biquadratic 2' to 'Curve Biquadratic 25' to avoid a name conflict upon WorkspaceObject addition.
[utilities.idf.Workspace] <-1> Renamed Object of type 'OS:Fan:VariableVolume' and named 'Fan Variable Volume 1' to 'Fan Variable Volume 4' to avoid a name conflict upon WorkspaceObject addition.
[utilities.idf.Workspace] <-1> Renamed Object of type 'OS:Node' and named 'Node 2' to 'Node 267' to avoid a name conflict upon WorkspaceObject addition.
[utilities.idf.Workspace] <-1> Renamed Object of type 'OS:Curve:Quadratic' and named 'Curve Quadratic 1' to 'Curve Quadratic 29' to avoid a name conflict upon WorkspaceObject addition.
[utilities.idf.Workspace] <-1> Renamed Object of type 'OS:Curve:Biquadratic' and named 'Curve Biquadratic 1' to 'Curve Biquadratic 26' to avoid a name conflict upon WorkspaceObject addition.
[utilities.idf.Workspace] <-1> Renamed Object of type 'OS:Curve:Biquadratic' and named 'Boiler Efficiency' to 'Boiler Efficiency 1' to avoid a name conflict upon WorkspaceObject addition.
[utilities.idf.Workspace] <-1> Renamed Object of type 'OS:Schedule:Constant' and named 'Always On Discrete' to 'Always On Discrete 2' to avoid a name conflict upon WorkspaceObject addition.
[utilities.idf.Workspace] <-1> Renamed Object of type 'OS:ScheduleTypeLimits' and named 'Temperature 1' to 'Temperature 3' to avoid a name conflict upon WorkspaceObject addition.
[utilities.idf.Workspace] <-1> Renamed Object of type 'OS:Controller:MechanicalVentilation' and named 'Controller Mechanical Ventilation 1' to 'Controller Mechanical Ventilation 4' to avoid a name conflict upon WorkspaceObject addition.
[utilities.idf.Workspace] <-1> Renamed Object of type 'OS:Schedule:Day' and named '0800|1700|Office|default|occ |default' to '0800|1700|Office|default|occ |default 1' to avoid a name conflict upon WorkspaceObject addition.
[utilities.idf.Workspace] <-1> Renamed Object of type 'OS:Schedule:Day' and named '0800|1700|Office|default|occ Summer Design Day' to '0800|1700|Office|default|occ Summer Design Day 1' to avoid a name conflict upon WorkspaceObject addition.
[utilities.idf.Workspace] <-1> Renamed Object of type 'OS:Schedule:Day' and named '0800|1700|Office|default|occ Winter Design Day' to '0800|1700|Office|default|occ Winter Design Day 1' to avoid a name conflict upon WorkspaceObject addition.
[utilities.idf.Workspace] <-1> Renamed Object of type 'OS:Schedule:Rule' and named '0800|1700|Office|default|occ |1/1-12/31|Sun Rule' to '0800|1700|Office|default|occ |1/1-12/31|Sun Rule 1' to avoid a name conflict upon WorkspaceObject addition.
[utilities.idf.Workspace] <-1> Renamed Object of type 'OS:Schedule:Rule' and named '0800|1700|Office|default|occ |1/1-12/31|Sat Rule' to '0800|1700|Office|default|occ |1/1-12/31|Sat Rule 1' to avoid a name conflict upon WorkspaceObject addition.
[utilities.idf.Workspace] <-1> Renamed Object of type 'OS:Schedule:Day' and named '0800|1700|Office|default|occ |1/1-12/31|Sun' to '0800|1700|Office|default|occ |1/1-12/31|Sun 1' to avoid a name conflict upon WorkspaceObject addition.
[utilities.idf.Workspace] <-1> Renamed Object of type 'OS:Schedule:Day' and named '0800|1700|Office|default|occ |1/1-12/31|Sat' to '0800|1700|Office|default|occ |1/1-12/31|Sat 1' to avoid a name conflict upon WorkspaceObject addition.
[utilities.idf.Workspace] <-1> Renamed Object of type 'OS:Schedule:Day' and named '0800|1700|Office|default|activity |default' to '0800|1700|Office|default|activity |default 1' to avoid a name conflict upon WorkspaceObject addition.
[utilities.idf.Workspace] <-1> Renamed Object of type 'OS:Schedule:Day' and named '0800|1700|Office|default|activity Summer Design Day' to '0800|1700|Office|default|activity Summer Design Day 1' to avoid a name conflict upon WorkspaceObject addition.
[utilities.idf.Workspace] <-1> Renamed Object of type 'OS:Schedule:Day' and named '0800|1700|Office|default|activity Winter Design Day' to '0800|1700|Office|default|activity Winter Design Day 1' to avoid a name conflict upon WorkspaceObject addition.
[utilities.idf.Workspace] <-1> Renamed Object of type 'OS:Schedule:Day' and named '0800|1700|Office|default|lighting |default' to '0800|1700|Office|default|lighting |default 1' to avoid a name conflict upon WorkspaceObject addition.
[utilities.idf.Workspace] <-1> Renamed Object of type 'OS:Schedule:Day' and named '0800|1700|Office|default|lighting Summer Design Day' to '0800|1700|Office|default|lighting Summer Design Day 1' to avoid a name conflict upon WorkspaceObject addition.
[utilities.idf.Workspace] <-1> Renamed Object of type 'OS:Schedule:Day' and named '0800|1700|Office|default|lighting Winter Design Day' to '0800|1700|Office|default|lighting Winter Design Day 1' to avoid a name conflict upon WorkspaceObject addition.
[utilities.idf.Workspace] <-1> Renamed Object of type 'OS:Schedule:Rule' and named '0800|1700|Office|default|lighting |1/1-12/31|Sun Rule' to '0800|1700|Office|default|lighting |1/1-12/31|Sun Rule 1' to avoid a name conflict upon WorkspaceObject addition.
[utilities.idf.Workspace] <-1> Renamed Object of type 'OS:Schedule:Rule' and named '0800|1700|Office|default|lighting |1/1-12/31|Sat Rule' to '0800|1700|Office|default|lighting |1/1-12/31|Sat Rule 1' to avoid a name conflict upon WorkspaceObject addition.
[utilities.idf.Workspace] <-1> Renamed Object of type 'OS:Schedule:Day' and named '0800|1700|Office|default|lighting |1/1-12/31|Sun' to '0800|1700|Office|default|lighting |1/1-12/31|Sun 1' to avoid a name conflict upon WorkspaceObject addition.
[utilities.idf.Workspace] <-1> Renamed Object of type 'OS:Schedule:Day' and named '0800|1700|Office|default|lighting |1/1-12/31|Sat' to '0800|1700|Office|default|lighting |1/1-12/31|Sat 1' to avoid a name conflict upon WorkspaceObject addition.
[utilities.idf.Workspace] <-1> Renamed Object of type 'OS:Schedule:Day' and named '0800|1700|Office|default|elec_equip |default' to '0800|1700|Office|default|elec_equip |default 1' to avoid a name conflict upon WorkspaceObject addition.
[utilities.idf.Workspace] <-1> Renamed Object of type 'OS:Schedule:Day' and named '0800|1700|Office|default|elec_equip Summer Design Day' to '0800|1700|Office|default|elec_equip Summer Design Day 1' to avoid a name conflict upon WorkspaceObject addition.
[utilities.idf.Workspace] <-1> Renamed Object of type 'OS:Schedule:Day' and named '0800|1700|Office|default|elec_equip Winter Design Day' to '0800|1700|Office|default|elec_equip Winter Design Day 1' to avoid a name conflict upon WorkspaceObject addition.
[utilities.idf.Workspace] <-1> Renamed Object of type 'OS:Schedule:Rule' and named '0800|1700|Office|default|elec_equip |1/1-12/31|Sun Rule' to '0800|1700|Office|default|elec_equip |1/1-12/31|Sun Rule 1' to avoid a name conflict upon WorkspaceObject addition.
[utilities.idf.Workspace] <-1> Renamed Object of type 'OS:Schedule:Rule' and named '0800|1700|Office|default|elec_equip |1/1-12/31|Sat Rule' to '0800|1700|Office|default|elec_equip |1/1-12/31|Sat Rule 1' to avoid a name conflict upon WorkspaceObject addition.
[utilities.idf.Workspace] <-1> Renamed Object of type 'OS:Schedule:Day' and named '0800|1700|Office|default|elec_equip |1/1-12/31|Sun' to '0800|1700|Office|default|elec_equip |1/1-12/31|Sun 1' to avoid a name conflict upon WorkspaceObject addition.
[utilities.idf.Workspace] <-1> Renamed Object of type 'OS:Schedule:Day' and named '0800|1700|Office|default|elec_equip |1/1-12/31|Sat' to '0800|1700|Office|default|elec_equip |1/1-12/31|Sat 1' to avoid a name conflict upon WorkspaceObject addition.
[utilities.idf.Workspace] <-1> Renamed Object of type 'OS:Schedule:Day' and named '0800|1700|Office|default|gas_equip |default' to '0800|1700|Office|default|gas_equip |default 1' to avoid a name conflict upon WorkspaceObject addition.
[utilities.idf.Workspace] <-1> Renamed Object of type 'OS:Schedule:Day' and named '0800|1700|Office|default|gas_equip Summer Design Day' to '0800|1700|Office|default|gas_equip Summer Design Day 1' to avoid a name conflict upon WorkspaceObject addition.
[utilities.idf.Workspace] <-1> Renamed Object of type 'OS:Schedule:Day' and named '0800|1700|Office|default|gas_equip Winter Design Day' to '0800|1700|Office|default|gas_equip Winter Design Day 1' to avoid a name conflict upon WorkspaceObject addition.
[utilities.idf.Workspace] <-1> Renamed Object of type 'OS:Schedule:Day' and named '0800|1700|Office|default|swh |default' to '0800|1700|Office|default|swh |default 1' to avoid a name conflict upon WorkspaceObject addition.
[utilities.idf.Workspace] <-1> Renamed Object of type 'OS:Schedule:Day' and named '0800|1700|Office|default|swh Summer Design Day' to '0800|1700|Office|default|swh Summer Design Day 1' to avoid a name conflict upon WorkspaceObject addition.
[utilities.idf.Workspace] <-1> Renamed Object of type 'OS:Schedule:Day' and named '0800|1700|Office|default|swh Winter Design Day' to '0800|1700|Office|default|swh Winter Design Day 1' to avoid a name conflict upon WorkspaceObject addition.
[utilities.idf.Workspace] <-1> Renamed Object of type 'OS:Schedule:Rule' and named '0800|1700|Office|default|swh |1/1-12/31|Sun Rule' to '0800|1700|Office|default|swh |1/1-12/31|Sun Rule 1' to avoid a name conflict upon WorkspaceObject addition.
[utilities.idf.Workspace] <-1> Renamed Object of type 'OS:Schedule:Rule' and named '0800|1700|Office|default|swh |1/1-12/31|Sat Rule' to '0800|1700|Office|default|swh |1/1-12/31|Sat Rule 1' to avoid a name conflict upon WorkspaceObject addition.
[utilities.idf.Workspace] <-1> Renamed Object of type 'OS:Schedule:Day' and named '0800|1700|Office|default|swh |1/1-12/31|Sun' to '0800|1700|Office|default|swh |1/1-12/31|Sun 1' to avoid a name conflict upon WorkspaceObject addition.
[utilities.idf.Workspace] <-1> Renamed Object of type 'OS:Schedule:Day' and named '0800|1700|Office|default|swh |1/1-12/31|Sat' to '0800|1700|Office|default|swh |1/1-12/31|Sat 1' to avoid a name conflict upon WorkspaceObject addition.
[utilities.idf.Workspace] <-1> Renamed Object of type 'OS:Schedule:Day' and named '0800|1700|Office|default|infiltration |default' to '0800|1700|Office|default|infiltration |default 1' to avoid a name conflict upon WorkspaceObject addition.
[utilities.idf.Workspace] <-1> Renamed Object of type 'OS:Schedule:Day' and named '0800|1700|Office|default|infiltration Summer Design Day' to '0800|1700|Office|default|infiltration Summer Design Day 1' to avoid a name conflict upon WorkspaceObject addition.
[utilities.idf.Workspace] <-1> Renamed Object of type 'OS:Schedule:Day' and named '0800|1700|Office|default|infiltration Winter Design Day' to '0800|1700|Office|default|infiltration Winter Design Day 1' to avoid a name conflict upon WorkspaceObject addition.
[utilities.idf.Workspace] <-1> Renamed Object of type 'OS:Schedule:Rule' and named '0800|1700|Office|default|infiltration |1/1-12/31|Sun Rule' to '0800|1700|Office|default|infiltration |1/1-12/31|Sun Rule 1' to avoid a name conflict upon WorkspaceObject addition.
[utilities.idf.Workspace] <-1> Renamed Object of type 'OS:Schedule:Rule' and named '0800|1700|Office|default|infiltration |1/1-12/31|Sat Rule' to '0800|1700|Office|default|infiltration |1/1-12/31|Sat Rule 1' to avoid a name conflict upon WorkspaceObject addition.
[utilities.idf.Workspace] <-1> Renamed Object of type 'OS:Schedule:Day' and named '0800|1700|Office|default|infiltration |1/1-12/31|Sun' to '0800|1700|Office|default|infiltration |1/1-12/31|Sun 1' to avoid a name conflict upon WorkspaceObject addition.
[utilities.idf.Workspace] <-1> Renamed Object of type 'OS:Schedule:Day' and named '0800|1700|Office|default|infiltration |1/1-12/31|Sat' to '0800|1700|Office|default|infiltration |1/1-12/31|Sat 1' to avoid a name conflict upon WorkspaceObject addition.
[utilities.idf.Workspace] <-1> Renamed Object of type 'OS:Schedule:Ruleset' and named '0800|1700|Office|default|elec_equip - extend 0.0 shift 0.0' to '0800|1700|Office|default|elec_equip - extend 0.0 shift 0.0 1' to avoid a name conflict upon WorkspaceObject addition.
[utilities.idf.Workspace] <-1> Renamed Object of type 'OS:Schedule:Day' and named '0800|1700|Office|default|elec_equip |default' to '0800|1700|Office|default|elec_equip |default 2' to avoid a name conflict upon WorkspaceObject addition.
[utilities.idf.Workspace] <-1> Renamed Object of type 'OS:Schedule:Day' and named '0800|1700|Office|default|elec_equip Summer Design Day' to '0800|1700|Office|default|elec_equip Summer Design Day 2' to avoid a name conflict upon WorkspaceObject addition.
[utilities.idf.Workspace] <-1> Renamed Object of type 'OS:Schedule:Day' and named '0800|1700|Office|default|elec_equip Winter Design Day' to '0800|1700|Office|default|elec_equip Winter Design Day 2' to avoid a name conflict upon WorkspaceObject addition.
[utilities.idf.Workspace] <-1> Renamed Object of type 'OS:Schedule:Rule' and named '0800|1700|Office|default|elec_equip |1/1-12/31|Sun Rule' to '0800|1700|Office|default|elec_equip |1/1-12/31|Sun Rule 2' to avoid a name conflict upon WorkspaceObject addition.
[utilities.idf.Workspace] <-1> Renamed Object of type 'OS:Schedule:Rule' and named '0800|1700|Office|default|elec_equip |1/1-12/31|Sat Rule' to '0800|1700|Office|default|elec_equip |1/1-12/31|Sat Rule 2' to avoid a name conflict upon WorkspaceObject addition.
[utilities.idf.Workspace] <-1> Renamed Object of type 'OS:Schedule:Day' and named '0800|1700|Office|default|elec_equip |1/1-12/31|Sun' to '0800|1700|Office|default|elec_equip |1/1-12/31|Sun 2' to avoid a name conflict upon WorkspaceObject addition.
[utilities.idf.Workspace] <-1> Renamed Object of type 'OS:Schedule:Day' and named '0800|1700|Office|default|elec_equip |1/1-12/31|Sat' to '0800|1700|Office|default|elec_equip |1/1-12/31|Sat 2' to avoid a name conflict upon WorkspaceObject addition.
[utilities.idf.Workspace] <-1> Renamed Object of type 'OS:Schedule:Ruleset' and named '0800|1700|Office|default|infiltration - extend 0.0 shift 0.0' to '0800|1700|Office|default|infiltration - extend 0.0 shift 0.0 1' to avoid a name conflict upon WorkspaceObject addition.
[utilities.idf.Workspace] <-1> Renamed Object of type 'OS:Schedule:Day' and named '0800|1700|Office|default|infiltration |default' to '0800|1700|Office|default|infiltration |default 2' to avoid a name conflict upon WorkspaceObject addition.
[utilities.idf.Workspace] <-1> Renamed Object of type 'OS:Schedule:Day' and named '0800|1700|Office|default|infiltration Summer Design Day' to '0800|1700|Office|default|infiltration Summer Design Day 2' to avoid a name conflict upon WorkspaceObject addition.
[utilities.idf.Workspace] <-1> Renamed Object of type 'OS:Schedule:Day' and named '0800|1700|Office|default|infiltration Winter Design Day' to '0800|1700|Office|default|infiltration Winter Design Day 2' to avoid a name conflict upon WorkspaceObject addition.
[utilities.idf.Workspace] <-1> Renamed Object of type 'OS:Schedule:Rule' and named '0800|1700|Office|default|infiltration |1/1-12/31|Sun Rule' to '0800|1700|Office|default|infiltration |1/1-12/31|Sun Rule 2' to avoid a name conflict upon WorkspaceObject addition.
[utilities.idf.Workspace] <-1> Renamed Object of type 'OS:Schedule:Rule' and named '0800|1700|Office|default|infiltration |1/1-12/31|Sat Rule' to '0800|1700|Office|default|infiltration |1/1-12/31|Sat Rule 2' to avoid a name conflict upon WorkspaceObject addition.
[utilities.idf.Workspace] <-1> Renamed Object of type 'OS:Schedule:Day' and named '0800|1700|Office|default|infiltration |1/1-12/31|Sun' to '0800|1700|Office|default|infiltration |1/1-12/31|Sun 2' to avoid a name conflict upon WorkspaceObject addition.
[utilities.idf.Workspace] <-1> Renamed Object of type 'OS:Schedule:Day' and named '0800|1700|Office|default|infiltration |1/1-12/31|Sat' to '0800|1700|Office|default|infiltration |1/1-12/31|Sat 2' to avoid a name conflict upon WorkspaceObject addition.
[openstudio.openstudio_lib.MainRightColumnController] <-2> Setting new edit widget: 000000000E4AF290
[openstudio.openstudio_lib.MainRightColumnController] <-2> Removing old edit widget: 000000000E4AF290
[openstudio.openstudio_lib.MainRightColumnController] <-2> Setting new edit widget: 000000000E4AF290
[openstudio.openstudio_lib.MainRightColumnController] <-2> Removing old edit widget: 000000000E4AF290
[openstudio.project.ProjectDatabase] <-1> DB Message: cannot start a transaction within a transaction Unable to begin transaction
[saveModel] <-2> Saved model to 'C:/Users/dgoldwas/AppData/Local/Temp/2/OpenStudio.G12068/in.osm'
[saveModelTempDir] <-2> Copying C:/Users/dgoldwas/AppData/Local/Temp/2/OpenStudio.G12068/resources to C:/Users/dgoldwas/Documents/GitHubForks/OpenStudio-analysis-spreadsheet-COFEE/seeds/Office2004_Seed
[copyDir] <-1> copyDir 'C:/Users/dgoldwas/AppData/Local/Temp/2/OpenStudio.G12068/resources' to 'C:/Users/dgoldwas/Documents/GitHubForks/OpenStudio-analysis-spreadsheet-COFEE/seeds/Office2004_Seed'
[synchDirStructures] <-1> Synching destination 'C:/Users/dgoldwas/Documents/GitHubForks/OpenStudio-analysis-spreadsheet-COFEE/seeds/Office2004_Seed' with source 'C:/Users/dgoldwas/AppData/Local/Temp/2/OpenStudio.G12068/resources'
[synchDirStructures] <-1> Synching destination 'C:/Users/dgoldwas/Documents/GitHubForks/OpenStudio-analysis-spreadsheet-COFEE/seeds/Office2004_Seed/files' with source 'C:/Users/dgoldwas/AppData/Local/Temp/2/OpenStudio.G12068/resources/files'
[synchDirStructures] <-1> Synching destination 'C:/Users/dgoldwas/Documents/GitHubForks/OpenStudio-analysis-spreadsheet-COFEE/seeds/Office2004_Seed/run' with source 'C:/Users/dgoldwas/AppData/Local/Temp/2/OpenStudio.G12068/resources/run'
[synchDirStructures] <-1> Synching destination 'C:/Users/dgoldwas/Documents/GitHubForks/OpenStudio-analysis-spreadsheet-COFEE/seeds/Office2004_Seed/scripts' with source 'C:/Users/dgoldwas/AppData/Local/Temp/2/OpenStudio.G12068/resources/scripts'
[copyDir] <-1> copyDir 'C:/Users/dgoldwas/AppData/Local/Temp/2/OpenStudio.G12068/resources/files' to 'C:/Users/dgoldwas/Documents/GitHubForks/OpenStudio-analysis-spreadsheet-COFEE/seeds/Office2004_Seed/files'
[synchDirStructures] <-1> Synching destination 'C:/Users/dgoldwas/Documents/GitHubForks/OpenStudio-analysis-spreadsheet-COFEE/seeds/Office2004_Seed/files' with source 'C:/Users/dgoldwas/AppData/Local/Temp/2/OpenStudio.G12068/resources/files'
[copyDir] <-1> copyDir 'C:/Users/dgoldwas/AppData/Local/Temp/2/OpenStudio.G12068/resources/run' to 'C:/Users/dgoldwas/Documents/GitHubForks/OpenStudio-analysis-spreadsheet-COFEE/seeds/Office2004_Seed/run'
[synchDirStructures] <-1> Synching destination 'C:/Users/dgoldwas/Documents/GitHubForks/OpenStudio-analysis-spreadsheet-COFEE/seeds/Office2004_Seed/run' with source 'C:/Users/dgoldwas/AppData/Local/Temp/2/OpenStudio.G12068/resources/run'
[copyDir] <-1> copyDir 'C:/Users/dgoldwas/AppData/Local/Temp/2/OpenStudio.G12068/resources/scripts' to 'C:/Users/dgoldwas/Documents/GitHubForks/OpenStudio-analysis-spreadsheet-COFEE/seeds/Office2004_Seed/scripts'
[synchDirStructures] <-1> Synching destination 'C:/Users/dgoldwas/Documents/GitHubForks/OpenStudio-analysis-spreadsheet-COFEE/seeds/Office2004_Seed/scripts' with source 'C:/Users/dgoldwas/AppData/Local/Temp/2/OpenStudio.G12068/resources/scripts'
[openstudio.project.ProjectDatabase] <-1> DB Message: cannot start a transaction within a transaction Unable to begin transaction
[saveModel] <-2> Saved model to 'C:/Users/dgoldwas/AppData/Local/Temp/2/OpenStudio.G12068/in.osm'
[saveModelTempDir] <-2> Copying C:/Users/dgoldwas/AppData/Local/Temp/2/OpenStudio.G12068/resources to C:/Users/dgoldwas/Documents/GitHubForks/OpenStudio-analysis-spreadsheet-COFEE/seeds/Office2004_Seed
[copyDir] <-1> copyDir 'C:/Users/dgoldwas/AppData/Local/Temp/2/OpenStudio.G12068/resources' to 'C:/Users/dgoldwas/Documents/GitHubForks/OpenStudio-analysis-spreadsheet-COFEE/seeds/Office2004_Seed'
[synchDirStructures] <-1> Synching destination 'C:/Users/dgoldwas/Documents/GitHubForks/OpenStudio-analysis-spreadsheet-COFEE/seeds/Office2004_Seed' with source 'C:/Users/dgoldwas/AppData/Local/Temp/2/OpenStudio.G12068/resources'
[synchDirStructures] <-1> Synching destination 'C:/Users/dgoldwas/Documents/GitHubForks/OpenStudio-analysis-spreadsheet-COFEE/seeds/Office2004_Seed/files' with source 'C:/Users/dgoldwas/AppData/Local/Temp/2/OpenStudio.G12068/resources/files'
[synchDirStructures] <-1> Synching destination 'C:/Users/dgoldwas/Documents/GitHubForks/OpenStudio-analysis-spreadsheet-COFEE/seeds/Office2004_Seed/run' with source 'C:/Users/dgoldwas/AppData/Local/Temp/2/OpenStudio.G12068/resources/run'
[synchDirStructures] <-1> Synching destination 'C:/Users/dgoldwas/Documents/GitHubForks/OpenStudio-analysis-spreadsheet-COFEE/seeds/Office2004_Seed/scripts' with source 'C:/Users/dgoldwas/AppData/Local/Temp/2/OpenStudio.G12068/resources/scripts'
[copyDir] <-1> copyDir 'C:/Users/dgoldwas/AppData/Local/Temp/2/OpenStudio.G12068/resources/files' to 'C:/Users/dgoldwas/Documents/GitHubForks/OpenStudio-analysis-spreadsheet-COFEE/seeds/Office2004_Seed/files'
[synchDirStructures] <-1> Synching destination 'C:/Users/dgoldwas/Documents/GitHubForks/OpenStudio-analysis-spreadsheet-COFEE/seeds/Office2004_Seed/files' with source 'C:/Users/dgoldwas/AppData/Local/Temp/2/OpenStudio.G12068/resources/files'
[copyDir] <-1> copyDir 'C:/Users/dgoldwas/AppData/Local/Temp/2/OpenStudio.G12068/resources/run' to 'C:/Users/dgoldwas/Documents/GitHubForks/OpenStudio-analysis-spreadsheet-COFEE/seeds/Office2004_Seed/run'
[synchDirStructures] <-1> Synching destination 'C:/Users/dgoldwas/Documents/GitHubForks/OpenStudio-analysis-spreadsheet-COFEE/seeds/Office2004_Seed/run' with source 'C:/Users/dgoldwas/AppData/Local/Temp/2/OpenStudio.G12068/resources/run'
[copyDir] <-1> copyDir 'C:/Users/dgoldwas/AppData/Local/Temp/2/OpenStudio.G12068/resources/scripts' to 'C:/Users/dgoldwas/Documents/GitHubForks/OpenStudio-analysis-spreadsheet-COFEE/seeds/Office2004_Seed/scripts'
[synchDirStructures] <-1> Synching destination 'C:/Users/dgoldwas/Documents/GitHubForks/OpenStudio-analysis-spreadsheet-COFEE/seeds/Office2004_Seed/scripts' with source 'C:/Users/dgoldwas/AppData/Local/Temp/2/OpenStudio.G12068/resources/scripts'
[openstudio.project.ProjectDatabase] <-1> DB Message: cannot start a transaction within a transaction Unable to begin transaction
[saveModel] <-2> Saved model to 'C:/Users/dgoldwas/AppData/Local/Temp/2/OpenStudio.G12068/in.osm'
[saveModelTempDir] <-2> Copying C:/Users/dgoldwas/AppData/Local/Temp/2/OpenStudio.G12068/resources to C:/Users/dgoldwas/Documents/GitHubForks/OpenStudio-analysis-spreadsheet-COFEE/seeds/Office2004_Seed
[copyDir] <-1> copyDir 'C:/Users/dgoldwas/AppData/Local/Temp/2/OpenStudio.G12068/resources' to 'C:/Users/dgoldwas/Documents/GitHubForks/OpenStudio-analysis-spreadsheet-COFEE/seeds/Office2004_Seed'
[synchDirStructures] <-1> Synching destination 'C:/Users/dgoldwas/Documents/GitHubForks/OpenStudio-analysis-spreadsheet-COFEE/seeds/Office2004_Seed' with source 'C:/Users/dgoldwas/AppData/Local/Temp/2/OpenStudio.G12068/resources'
[synchDirStructures] <-1> Synching destination 'C:/Users/dgoldwas/Documents/GitHubForks/OpenStudio-analysis-spreadsheet-COFEE/seeds/Office2004_Seed/files' with source 'C:/Users/dgoldwas/AppData/Local/Temp/2/OpenStudio.G12068/resources/files'
[synchDirStructures] <-1> Synching destination 'C:/Users/dgoldwas/Documents/GitHubForks/OpenStudio-analysis-spreadsheet-COFEE/seeds/Office2004_Seed/run' with source 'C:/Users/dgoldwas/AppData/Local/Temp/2/OpenStudio.G12068/resources/run'
[synchDirStructures] <-1> Synching destination 'C:/Users/dgoldwas/Documents/GitHubForks/OpenStudio-analysis-spreadsheet-COFEE/seeds/Office2004_Seed/scripts' with source 'C:/Users/dgoldwas/AppData/Local/Temp/2/OpenStudio.G12068/resources/scripts'
[copyDir] <-1> copyDir 'C:/Users/dgoldwas/AppData/Local/Temp/2/OpenStudio.G12068/resources/files' to 'C:/Users/dgoldwas/Documents/GitHubForks/OpenStudio-analysis-spreadsheet-COFEE/seeds/Office2004_Seed/files'
[synchDirStructures] <-1> Synching destination 'C:/Users/dgoldwas/Documents/GitHubForks/OpenStudio-analysis-spreadsheet-COFEE/seeds/Office2004_Seed/files' with source 'C:/Users/dgoldwas/AppData/Local/Temp/2/OpenStudio.G12068/resources/files'
